
 -----------------------------------------------
      Restrained ESP Fit 2.3  Amber 4.1
 -----------------------------------------------
 Resp charges for organic molecule                                               
 -----------------------------------------------


 inopt       =     0   ioutopt     =     1
 nmol        =     1   iqopt       =     2
 ihfree      =     1   irstrnt     =     1
 iunits      =     0   qwt         =   0.00100000
 wtmol(1) =     1.000000
 subtitle:

Resp charges for organic molecule                                               
ich =   0  iuniq =  27
    1    8  -99
    2    8  -99
    3    8  -99
    4    8  -99
    5    8  -99
    6    6    0
    7    6    0
    8    6  -99
    9    6  -99
   10    6  -99
   11    6    0
   12    6    0
   13    6    0
   14    1    0
   15    1   14
   16    1    0
   17    1   16
   18    1  -99
   19    1    0
   20    1   19
   21    1    0
   22    1   21
   23    1    0
   24    1   23
   25    1   14
   26    1   16
   27    1   23
 new q0 values to be read  27

  ----------------------------------------------------------------------------
     ATOM                       COORDINATES                         CHARGE
                       X             Y                Z
  ----------------------------------------------------------------------------
  ----------------------------------------------------------------------------


 Charge on the molecule(ich) =    0
 Total number of atoms (iuniq)     =   27
 Weight factor on initial charge restraints(qwt)=     0.10000D-02


  there are  1 charge constraints:


     1       1
     2       1
     3       1
     4       1
     5       1
     6       1
     7       1
     8       1
     9       1
    10       1
    11       1
    12       1
    13       1
    14       1
    15       1
    16       1
    17       1
    18       1
    19       1
    20       1
    21       1
    22       1
    23       1
    24       1
    25       1
    26       1
    27       1

 Reading esp"s for molecule   1
 total number of atoms      =    27
 total number of esp points = 66094


 center     X       Y       Z 
    1  -0.1062253E+01   0.2318541E+01  -0.1153916E+01
    2   0.3110483E+01  -0.7277221E+00   0.6424426E+00
    3  -0.2172622E+01   0.4580199E+01   0.2386212E+01
    4  -0.4168014E+01  -0.3632645E+01   0.6578344E+00
    5   0.5657462E+01  -0.3382436E+01  -0.1640666E+01
    6  -0.8798659E+00   0.6794684E+01  -0.1432125E+01
    7   0.7531947E+01  -0.4559777E+00   0.1380023E+01
    8  -0.1450308E+01   0.4534131E+01   0.1740910E+00
    9  -0.1351526E+01  -0.1262583E+00   0.1760677E+00
   10   0.5424394E+01  -0.1699032E+01  -0.4579751E-01
   11   0.8470319E+00  -0.1770441E+01  -0.6014790E+00
   12  -0.3899348E+01  -0.1219907E+01  -0.6155782E+00
   13  -0.6599089E+01  -0.4844953E+01   0.2554777E+00
   14  -0.1377300E+01   0.8504680E+01  -0.4121833E+00
   15  -0.1925901E+01   0.6702499E+01  -0.3204219E+01
   16   0.7282191E+01  -0.7343570E+00   0.3406874E+01
   17   0.7529396E+01   0.1575637E+01   0.1033867E+01
   18  -0.1331667E+01   0.2241876E+00   0.2201623E+01
   19   0.1127269E+01  -0.1755391E+01  -0.2640123E+01
   20   0.5501484E+00  -0.3701610E+01   0.3961999E-01
   21  -0.3976547E+01  -0.1472025E+01  -0.2670272E+01
   22  -0.5407978E+01   0.7423600E-01  -0.4300638E-01
   23  -0.8139029E+01  -0.3662056E+01   0.9670163E+00
   24  -0.6904299E+01  -0.5245842E+01  -0.1750727E+01
   25   0.1127118E+01   0.6832866E+01  -0.1903731E+01
   26   0.9325250E+01  -0.1258605E+01   0.7870746E+00
   27  -0.6538484E+01  -0.6605173E+01   0.1308847E+01
 Initial ssvpot =    14.951


 Number of unique UNfrozen centers=   10

 Non-linear optimization requested.
 qchnge =    0.8631781704E-01
 qchnge =    0.1470039559E-03
 qchnge =    0.5637484261E-06

 Convergence in    2 iterations


Resp charges for organic molecule                                               

          Point Charges Before & After Optimization

    no.  At.no.    q(init)       q(opt)     ivary    d(rstr)/dq
    1   8      -0.661907      -0.661907    -99       0.001494
    2   8      -0.642828      -0.642828    -99       0.001537
    3   8      -0.682332      -0.682332    -99       0.001450
    4   8      -0.448970      -0.448970    -99       0.002174
    5   8      -0.725000      -0.725000    -99       0.001366
    6   6      -0.568360      -0.543244      0       0.001810
    7   6      -0.616987      -0.629672      0       0.001568
    8   6       1.044713       1.044713    -99       0.000953
    9   6       0.138509       0.138509    -99       0.005854
   10   6       1.101109       1.101109    -99       0.000904
   11   6       0.295673       0.342138      0       0.002805
   12   6       0.027956      -0.003634      0       0.009993
   13   6      -0.040652      -0.042875      0       0.009191
   14   1       0.151989       0.159377      0       0.000000
   15   1       0.164785       0.159377     14       0.000000
   16   1       0.176409       0.175939      0       0.000000
   17   1       0.177622       0.175939     16       0.000000
   18   1       0.145084       0.145084    -99       0.000000
   19   1       0.090612       0.049809      0       0.000000
   20   1       0.040196       0.049809     19       0.000000
   21   1       0.087235       0.114177      0       0.000000
   22   1       0.128936       0.114177     21       0.000000
   23   1       0.078718       0.091663      0       0.000000
   24   1       0.081394       0.091663     23       0.000000
   25   1       0.181357       0.159377     14       0.000000
   26   1       0.165382       0.175939     16       0.000000
   27   1       0.109359       0.091663     23       0.000000

 Sum over the calculated charges:     -0.000

        Statistics of the fitting:
  The initial sum of squares (ssvpot)                     14.951
  The residual sum of squares (chipot)                     0.180
  The std err of estimate (sqrt(chipot/N))               0.00165
  ESP relative RMS (SQRT(chipot/ssvpot))                 0.10962

 Center of Mass (Angst.):

 X  =   0.00000      Y  =   0.00000      Z  =   0.00000

 Dipole (Debye):

 X  =  -1.80768      Y  =   1.42459      Z  =  -1.43525

 Dipole Moment (Debye)=   2.71240

 Quadrupole (Debye*Angst.):

 Qxx =  29.95020     QYY =  -4.44097     QZZ = -25.50922
 Qxy =  25.35330     QXZ =  22.43777     QYZ = -45.20787
