
 -----------------------------------------------
      Restrained ESP Fit 2.3  Amber 4.1
 -----------------------------------------------
 Resp charges for organic molecule                                               
 -----------------------------------------------


 inopt       =     0   ioutopt     =     1
 nmol        =     1   iqopt       =     0
 ihfree      =     1   irstrnt     =     1
 iunits      =     0   qwt         =   0.00050000
 wtmol(1) =     1.000000
 subtitle:

Resp charges for organic molecule                                               
ich =   0  iuniq =  27
    1    8    0
    2    8    0
    3    8    0
    4    8    0
    5    8    0
    6    6    0
    7    6    0
    8    6    0
    9    6    0
   10    6    0
   11    6    0
   12    6    0
   13    6    0
   14    1    0
   15    1    0
   16    1    0
   17    1    0
   18    1    0
   19    1    0
   20    1    0
   21    1    0
   22    1    0
   23    1    0
   24    1    0
   25    1    0
   26    1    0
   27    1    0

  ----------------------------------------------------------------------------
     ATOM                       COORDINATES                         CHARGE
                       X             Y                Z
  ----------------------------------------------------------------------------
  ----------------------------------------------------------------------------


 Charge on the molecule(ich) =    0
 Total number of atoms (iuniq)     =   27
 Weight factor on initial charge restraints(qwt)=     0.50000D-03


  there are  1 charge constraints:


     1       1
     2       1
     3       1
     4       1
     5       1
     6       1
     7       1
     8       1
     9       1
    10       1
    11       1
    12       1
    13       1
    14       1
    15       1
    16       1
    17       1
    18       1
    19       1
    20       1
    21       1
    22       1
    23       1
    24       1
    25       1
    26       1
    27       1

 Reading esp"s for molecule   1
 total number of atoms      =    27
 total number of esp points = 66094


 center     X       Y       Z 
    1  -0.1062253E+01   0.2318541E+01  -0.1153916E+01
    2   0.3110483E+01  -0.7277221E+00   0.6424426E+00
    3  -0.2172622E+01   0.4580199E+01   0.2386212E+01
    4  -0.4168014E+01  -0.3632645E+01   0.6578344E+00
    5   0.5657462E+01  -0.3382436E+01  -0.1640666E+01
    6  -0.8798659E+00   0.6794684E+01  -0.1432125E+01
    7   0.7531947E+01  -0.4559777E+00   0.1380023E+01
    8  -0.1450308E+01   0.4534131E+01   0.1740910E+00
    9  -0.1351526E+01  -0.1262583E+00   0.1760677E+00
   10   0.5424394E+01  -0.1699032E+01  -0.4579751E-01
   11   0.8470319E+00  -0.1770441E+01  -0.6014790E+00
   12  -0.3899348E+01  -0.1219907E+01  -0.6155782E+00
   13  -0.6599089E+01  -0.4844953E+01   0.2554777E+00
   14  -0.1377300E+01   0.8504680E+01  -0.4121833E+00
   15  -0.1925901E+01   0.6702499E+01  -0.3204219E+01
   16   0.7282191E+01  -0.7343570E+00   0.3406874E+01
   17   0.7529396E+01   0.1575637E+01   0.1033867E+01
   18  -0.1331667E+01   0.2241876E+00   0.2201623E+01
   19   0.1127269E+01  -0.1755391E+01  -0.2640123E+01
   20   0.5501484E+00  -0.3701610E+01   0.3961999E-01
   21  -0.3976547E+01  -0.1472025E+01  -0.2670272E+01
   22  -0.5407978E+01   0.7423600E-01  -0.4300638E-01
   23  -0.8139029E+01  -0.3662056E+01   0.9670163E+00
   24  -0.6904299E+01  -0.5245842E+01  -0.1750727E+01
   25   0.1127118E+01   0.6832866E+01  -0.1903731E+01
   26   0.9325250E+01  -0.1258605E+01   0.7870746E+00
   27  -0.6538484E+01  -0.6605173E+01   0.1308847E+01
 Initial ssvpot =    14.951


 Number of unique UNfrozen centers=   27

 Non-linear optimization requested.
 qchnge =    0.8631339838E-01
 qchnge =    0.2456854601E-03
 qchnge =    0.4217446778E-05
 qchnge =    0.1164873798E-06

 Convergence in    3 iterations


Resp charges for organic molecule                                               

          Point Charges Before & After Optimization

    no.  At.no.    q(init)       q(opt)     ivary    d(rstr)/dq
    1   8       0.000000      -0.661907      0       0.000747
    2   8       0.000000      -0.642828      0       0.000769
    3   8       0.000000      -0.682332      0       0.000725
    4   8       0.000000      -0.448970      0       0.001087
    5   8       0.000000      -0.725000      0       0.000683
    6   6       0.000000      -0.568360      0       0.000866
    7   6       0.000000      -0.616987      0       0.000800
    8   6       0.000000       1.044713      0       0.000476
    9   6       0.000000       0.138509      0       0.002927
   10   6       0.000000       1.101109      0       0.000452
   11   6       0.000000       0.295673      0       0.001602
   12   6       0.000000       0.027956      0       0.004815
   13   6       0.000000      -0.040652      0       0.004632
   14   1       0.000000       0.151989      0       0.000000
   15   1       0.000000       0.164785      0       0.000000
   16   1       0.000000       0.176409      0       0.000000
   17   1       0.000000       0.177622      0       0.000000
   18   1       0.000000       0.145084      0       0.000000
   19   1       0.000000       0.090612      0       0.000000
   20   1       0.000000       0.040196      0       0.000000
   21   1       0.000000       0.087235      0       0.000000
   22   1       0.000000       0.128936      0       0.000000
   23   1       0.000000       0.078718      0       0.000000
   24   1       0.000000       0.081394      0       0.000000
   25   1       0.000000       0.181357      0       0.000000
   26   1       0.000000       0.165382      0       0.000000
   27   1       0.000000       0.109359      0       0.000000

 Sum over the calculated charges:     -0.000

        Statistics of the fitting:
  The initial sum of squares (ssvpot)                     14.951
  The residual sum of squares (chipot)                     0.123
  The std err of estimate (sqrt(chipot/N))               0.00136
  ESP relative RMS (SQRT(chipot/ssvpot))                 0.09064

 Center of Mass (Angst.):

 X  =   0.00000      Y  =   0.00000      Z  =   0.00000

 Dipole (Debye):

 X  =  -1.77920      Y  =   1.38598      Z  =  -1.45234

 Dipole Moment (Debye)=   2.68250

 Quadrupole (Debye*Angst.):

 Qxx =  29.86469     QYY =  -5.22750     QZZ = -24.63719
 Qxy =  27.53687     QXZ =  20.75013     QYZ = -46.17082
