
 -----------------------------------------------
      Restrained ESP Fit 2.3  Amber 4.1
 -----------------------------------------------
 Resp charges for organic molecule                                               
 -----------------------------------------------


 inopt       =     0   ioutopt     =     1
 nmol        =     1   iqopt       =     0
 ihfree      =     1   irstrnt     =     1
 iunits      =     0   qwt         =   0.00050000
 wtmol(1) =     1.000000
 subtitle:

Resp charges for organic molecule                                               
ich =   0  iuniq =  53
    1    8    0
    2    8    0
    3    6    0
    4    6    0
    5    6    0
    6    6    0
    7    6    0
    8    6    0
    9    6    0
   10    6    0
   11    6    0
   12    6    0
   13    6    0
   14    6    0
   15    6    0
   16    6    0
   17    6    0
   18    6    0
   19    6    0
   20    1    0
   21    1    0
   22    1    0
   23    1    0
   24    1    0
   25    1    0
   26    1    0
   27    1    0
   28    1    0
   29    1    0
   30    1    0
   31    1    0
   32    1    0
   33    1    0
   34    1    0
   35    1    0
   36    1    0
   37    1    0
   38    1    0
   39    1    0
   40    1    0
   41    1    0
   42    1    0
   43    1    0
   44    1    0
   45    1    0
   46    1    0
   47    1    0
   48    1    0
   49    1    0
   50    1    0
   51    1    0
   52    1    0
   53    1    0

  ----------------------------------------------------------------------------
     ATOM                       COORDINATES                         CHARGE
                       X             Y                Z
  ----------------------------------------------------------------------------
  ----------------------------------------------------------------------------


 Charge on the molecule(ich) =    0
 Total number of atoms (iuniq)     =   53
 Weight factor on initial charge restraints(qwt)=     0.50000D-03


  there are  1 charge constraints:


     1       1
     2       1
     3       1
     4       1
     5       1
     6       1
     7       1
     8       1
     9       1
    10       1
    11       1
    12       1
    13       1
    14       1
    15       1
    16       1
    17       1
    18       1
    19       1
    20       1
    21       1
    22       1
    23       1
    24       1
    25       1
    26       1
    27       1
    28       1
    29       1
    30       1
    31       1
    32       1
    33       1
    34       1
    35       1
    36       1
    37       1
    38       1
    39       1
    40       1
    41       1
    42       1
    43       1
    44       1
    45       1
    46       1
    47       1
    48       1
    49       1
    50       1
    51       1
    52       1
    53       1

 Reading esp"s for molecule   1
 total number of atoms      =    53
 total number of esp points = 10300


 center     X       Y       Z 
    1  -0.1166781E+02   0.7686234E+00   0.5407375E+00
    2  -0.1249312E+02  -0.2746749E+01  -0.1866686E+01
    3   0.3323372E+01  -0.1635180E-01  -0.4893275E+00
    4   0.5882224E+01  -0.1030532E+01   0.4452686E+00
    5   0.1045124E+01  -0.1538675E+01   0.4811148E+00
    6   0.8158414E+01   0.5068944E+00  -0.5062028E+00
    7  -0.1511407E+01  -0.5247486E+00  -0.4600840E+00
    8   0.1071809E+02  -0.5066733E+00   0.4269345E+00
    9  -0.3790966E+01  -0.2031826E+01   0.5306615E+00
   10   0.1299308E+02   0.1041426E+01  -0.5101448E+00
   11  -0.6336474E+01  -0.1014826E+01  -0.4320481E+00
   12   0.1555293E+02   0.2825518E-01   0.4215147E+00
   13  -0.8607020E+01  -0.2535579E+01   0.6014582E+00
   14   0.1782859E+02   0.1581179E+01  -0.5068661E+00
   15  -0.1110343E+02  -0.1594320E+01  -0.3835482E+00
   16  -0.1406106E+02   0.2025465E+01  -0.2983537E+00
   17   0.2037653E+02   0.5536803E+00   0.4307574E+00
   18  -0.1350828E+02   0.4844857E+01  -0.2324722E+00
   19  -0.1619882E+02   0.1199509E+01   0.1446684E+01
   20   0.3119433E+01   0.1961485E+01   0.9552187E-01
   21   0.3307897E+01  -0.1085837E-01  -0.2561673E+01
   22   0.5891703E+01  -0.1050023E+01   0.2517693E+01
   23   0.6093843E+01  -0.3003695E+01  -0.1522836E+00
   24   0.1249818E+01  -0.3517789E+01  -0.9841315E-01
   25   0.1058109E+01  -0.1538144E+01   0.2553521E+01
   26   0.8148540E+01   0.5295182E+00  -0.2578541E+01
   27   0.7946445E+01   0.2479260E+01   0.9421985E-01
   28  -0.1709045E+01   0.1459086E+01   0.1049214E+00
   29  -0.1530296E+01  -0.5415898E+00  -0.2532038E+01
   30   0.1072338E+02  -0.5394809E+00   0.2499191E+01
   31   0.1093557E+02  -0.2475545E+01  -0.1826628E+00
   32  -0.3589527E+01  -0.4018313E+01  -0.2218160E-01
   33  -0.3782135E+01  -0.2000180E+01   0.2602637E+01
   34   0.1298739E+02   0.1076386E+01  -0.2582411E+01
   35   0.1277558E+02   0.3009778E+01   0.1015199E+00
   36  -0.6550701E+01   0.9653457E+00   0.1134421E+00
   37  -0.6363826E+01  -0.1074538E+01  -0.2500230E+01
   38   0.1555833E+02  -0.1264416E-01   0.2493875E+01
   39   0.1577572E+02  -0.1938154E+01  -0.1951596E+00
   40  -0.8444862E+01  -0.4517868E+01   0.6660528E-01
   41  -0.8622255E+01  -0.2419110E+01   0.2663593E+01
   42   0.1782223E+02   0.1623403E+01  -0.2577373E+01
   43   0.1760732E+02   0.3545408E+01   0.1108211E+00
   44  -0.1442097E+02   0.1378387E+01  -0.2221089E+01
   45   0.2195084E+02   0.1697284E+01  -0.2592251E+00
   46   0.2067929E+02  -0.1386003E+01  -0.2139699E+00
   47   0.2046231E+02   0.5467544E+00   0.2495247E+01
   48  -0.1304629E+02   0.5454161E+01   0.1682504E+01
   49  -0.1578081E+02   0.1718641E+01   0.3398689E+01
   50  -0.1648592E+02  -0.8368708E+00   0.1344121E+01
   51  -0.1192367E+02   0.5309240E+01  -0.1463837E+01
   52  -0.1516041E+02   0.5903717E+01  -0.8731536E+00
   53  -0.1796099E+02   0.2121541E+01   0.8916256E+00
 Initial ssvpot =     2.096


 Number of unique UNfrozen centers=   53

 Non-linear optimization requested.
 qchnge =    0.3455878561E-01
 qchnge =    0.8741860224E-03
 qchnge =    0.4722722561E-04
 qchnge =    0.2799214598E-05
 qchnge =    0.1730001041E-06

 Convergence in    4 iterations


Resp charges for organic molecule                                               

          Point Charges Before & After Optimization

    no.  At.no.    q(init)       q(opt)     ivary    d(rstr)/dq
    1   8       0.000000      -0.687950      0       0.000719
    2   8       0.000000      -0.716877      0       0.000691
    3   6       0.000000       0.071211      0       0.004073
    4   6       0.000000      -0.047276      0       0.004520
    5   6       0.000000       0.049683      0       0.004478
    6   6       0.000000       0.067640      0       0.004142
    7   6       0.000000      -0.076961      0       0.003962
    8   6       0.000000       0.058682      0       0.004312
    9   6       0.000000       0.035968      0       0.004705
   10   6       0.000000      -0.025897      0       0.004840
   11   6       0.000000       0.203325      0       0.002207
   12   6       0.000000       0.012671      0       0.004960
   13   6       0.000000      -0.457727      0       0.001067
   14   6       0.000000       0.174812      0       0.002483
   15   6       0.000000       1.048947      0       0.000475
   16   6       0.000000       0.599341      0       0.000823
   17   6       0.000000      -0.213318      0       0.002122
   18   6       0.000000      -0.417949      0       0.001163
   19   6       0.000000      -0.424401      0       0.001147
   20   1       0.000000      -0.019196      0       0.000000
   21   1       0.000000      -0.017262      0       0.000000
   22   1       0.000000      -0.000393      0       0.000000
   23   1       0.000000       0.000191      0       0.000000
   24   1       0.000000      -0.014033      0       0.000000
   25   1       0.000000      -0.014802      0       0.000000
   26   1       0.000000      -0.021738      0       0.000000
   27   1       0.000000      -0.020698      0       0.000000
   28   1       0.000000       0.010428      0       0.000000
   29   1       0.000000       0.006875      0       0.000000
   30   1       0.000000      -0.019793      0       0.000000
   31   1       0.000000      -0.019204      0       0.000000
   32   1       0.000000       0.001673      0       0.000000
   33   1       0.000000      -0.000215      0       0.000000
   34   1       0.000000      -0.006065      0       0.000000
   35   1       0.000000      -0.006573      0       0.000000
   36   1       0.000000      -0.026363      0       0.000000
   37   1       0.000000      -0.024089      0       0.000000
   38   1       0.000000      -0.007819      0       0.000000
   39   1       0.000000      -0.008193      0       0.000000
   40   1       0.000000       0.104893      0       0.000000
   41   1       0.000000       0.118772      0       0.000000
   42   1       0.000000      -0.036271      0       0.000000
   43   1       0.000000      -0.036593      0       0.000000
   44   1       0.000000       0.011788      0       0.000000
   45   1       0.000000       0.047902      0       0.000000
   46   1       0.000000       0.041721      0       0.000000
   47   1       0.000000       0.041665      0       0.000000
   48   1       0.000000       0.128876      0       0.000000
   49   1       0.000000       0.114487      0       0.000000
   50   1       0.000000       0.124301      0       0.000000
   51   1       0.000000       0.108096      0       0.000000
   52   1       0.000000       0.089286      0       0.000000
   53   1       0.000000       0.094425      0       0.000000

 Sum over the calculated charges:     -0.000

        Statistics of the fitting:
  The initial sum of squares (ssvpot)                      2.096
  The residual sum of squares (chipot)                     0.062
  The std err of estimate (sqrt(chipot/N))               0.00244
  ESP relative RMS (SQRT(chipot/ssvpot))                 0.17133

 Center of Mass (Angst.):

 X  =   0.00000      Y  =   0.00000      Z  =   0.00000

 Dipole (Debye):

 X  =   0.93121      Y  =   1.80901      Z  =   1.26377

 Dipole Moment (Debye)=   2.39516

 Quadrupole (Debye*Angst.):

 Qxx = -13.03323     QYY =   7.36746     QZZ =   5.66577
 Qxy = -40.77056     QXZ = -19.01045     QYZ =  -4.38744
