
 -----------------------------------------------
      Restrained ESP Fit 2.3  Amber 4.1
 -----------------------------------------------
 Resp charges for organic molecule                                               
 -----------------------------------------------


 inopt       =     0   ioutopt     =     1
 nmol        =     1   iqopt       =     2
 ihfree      =     1   irstrnt     =     1
 iunits      =     0   qwt         =   0.00100000
 wtmol(1) =     1.000000
 subtitle:

Resp charges for organic molecule                                               
ich =   0  iuniq =  47
    1    8  -99
    2    8  -99
    3    6    0
    4    6    0
    5    6    0
    6    6    0
    7    6    0
    8    6    0
    9    6    0
   10    6    0
   11    6    0
   12    6    0
   13    6    0
   14    6    0
   15    6    0
   16    6  -99
   17    6    0
   18    1    0
   19    1   18
   20    1    0
   21    1   20
   22    1    0
   23    1   22
   24    1    0
   25    1   24
   26    1    0
   27    1   26
   28    1    0
   29    1   28
   30    1    0
   31    1   30
   32    1    0
   33    1   32
   34    1    0
   35    1   34
   36    1    0
   37    1   36
   38    1    0
   39    1   38
   40    1    0
   41    1   40
   42    1    0
   43    1   42
   44    1   42
   45    1    0
   46    1   45
   47    1   45
 new q0 values to be read  47

  ----------------------------------------------------------------------------
     ATOM                       COORDINATES                         CHARGE
                       X             Y                Z
  ----------------------------------------------------------------------------
  ----------------------------------------------------------------------------


 Charge on the molecule(ich) =    0
 Total number of atoms (iuniq)     =   47
 Weight factor on initial charge restraints(qwt)=     0.10000D-02


  there are  1 charge constraints:


     1       1
     2       1
     3       1
     4       1
     5       1
     6       1
     7       1
     8       1
     9       1
    10       1
    11       1
    12       1
    13       1
    14       1
    15       1
    16       1
    17       1
    18       1
    19       1
    20       1
    21       1
    22       1
    23       1
    24       1
    25       1
    26       1
    27       1
    28       1
    29       1
    30       1
    31       1
    32       1
    33       1
    34       1
    35       1
    36       1
    37       1
    38       1
    39       1
    40       1
    41       1
    42       1
    43       1
    44       1
    45       1
    46       1
    47       1

 Reading esp"s for molecule   1
 total number of atoms      =    47
 total number of esp points = 93742


 center     X       Y       Z 
    1   0.1482620E+02  -0.1297299E+01  -0.4856596E-03
    2   0.1299789E+02   0.2624136E+01   0.3533788E-03
    3  -0.1744502E+01   0.7163365E+00  -0.2116493E-03
    4  -0.4208527E+01  -0.8260200E+00  -0.9448630E-05
    5   0.6531498E+00  -0.9271487E+00  -0.1568473E-03
    6  -0.6607727E+01   0.8152958E+00  -0.3533788E-03
    7   0.3117371E+01   0.6144161E+00   0.9070685E-04
    8  -0.9070917E+01  -0.7285007E+00   0.9259657E-04
    9   0.5512414E+01  -0.1032225E+01   0.5423514E-03
   10  -0.1147136E+02   0.9110766E+00  -0.2022007E-03
   11   0.7969097E+01   0.5198636E+00   0.5858151E-03
   12  -0.1393379E+02  -0.6330676E+00  -0.1889726E-04
   13  -0.1633610E+02   0.1004452E+01   0.2834589E-04
   14   0.1033150E+02  -0.1157644E+01   0.5839253E-03
   15  -0.1878487E+02  -0.5545968E+00  -0.9448630E-05
   16   0.1277218E+02   0.3041023E+00   0.1587370E-03
   17   0.1734941E+02  -0.1297883E+00  -0.8730534E-03
   18  -0.1718672E+01   0.1960458E+01  -0.1657407E+01
   19  -0.1718562E+01   0.1960736E+01   0.1656772E+01
   20  -0.4233854E+01  -0.2070720E+01  -0.1657012E+01
   21  -0.4233935E+01  -0.2070146E+01   0.1657422E+01
   22   0.6263837E+00  -0.2171479E+01   0.1657095E+01
   23   0.6265897E+00  -0.2171263E+01  -0.1657575E+01
   24  -0.6582785E+01   0.2060085E+01   0.1656485E+01
   25  -0.6582872E+01   0.2059249E+01  -0.1657819E+01
   26   0.3145485E+01   0.1858158E+01  -0.1656747E+01
   27   0.3145014E+01   0.1858373E+01   0.1656778E+01
   28  -0.9095453E+01  -0.1973345E+01  -0.1656785E+01
   29  -0.9095342E+01  -0.1972575E+01   0.1657549E+01
   30   0.5481965E+01  -0.2276281E+01   0.1658238E+01
   31   0.5482280E+01  -0.2276806E+01  -0.1656762E+01
   32  -0.1144716E+02   0.2155775E+01   0.1656817E+01
   33  -0.1144709E+02   0.2155283E+01  -0.1657590E+01
   34   0.8010856E+01   0.1763649E+01  -0.1648928E+01
   35   0.8010819E+01   0.1763513E+01   0.1650211E+01
   36  -0.1395999E+02  -0.1877962E+01  -0.1657169E+01
   37  -0.1395985E+02  -0.1877815E+01   0.1657242E+01
   38  -0.1630974E+02   0.2248039E+01   0.1655780E+01
   39  -0.1630975E+02   0.2248105E+01  -0.1655672E+01
   40   0.1034549E+02  -0.2409452E+01   0.1647085E+01
   41   0.1034515E+02  -0.2410000E+01  -0.1645488E+01
   42  -0.2045336E+02   0.6613323E+00   0.7936849E-03
   43  -0.1889257E+02  -0.1770624E+01   0.1667105E+01
   44  -0.1889331E+02  -0.1769432E+01  -0.1667944E+01
   45   0.1759248E+02   0.1030167E+01   0.1679524E+01
   46   0.1865342E+02  -0.1710017E+01  -0.1593039E-02
   47   0.1759160E+02   0.1031004E+01  -0.1680817E+01
 Initial ssvpot =     6.333


 Number of unique UNfrozen centers=   28

 Non-linear optimization requested.
 qchnge =    0.4066862273E-01
 qchnge =    0.1092670635E-02
 qchnge =    0.6075599961E-04
 qchnge =    0.4185681611E-05
 qchnge =    0.3173015502E-06

 Convergence in    4 iterations


Resp charges for organic molecule                                               

          Point Charges Before & After Optimization

    no.  At.no.    q(init)       q(opt)     ivary    d(rstr)/dq
    1   8      -0.625200      -0.625200    -99       0.001579
    2   8      -0.741447      -0.741447    -99       0.001337
    3   6       0.138701       0.139746      0       0.005819
    4   6      -0.035018      -0.025390      0       0.009692
    5   6       0.134670       0.127057      0       0.006185
    6   6       0.081522       0.062085      0       0.008496
    7   6      -0.182411      -0.174526      0       0.004971
    8   6       0.140935       0.144390      0       0.005694
    9   6       0.121425       0.134883      0       0.005955
   10   6      -0.033412      -0.005247      0       0.009986
   11   6       0.327855       0.318971      0       0.002992
   12   6       0.051445       0.015961      0       0.009875
   13   6       0.223071       0.224630      0       0.004067
   14   6      -0.731608      -0.781627      0       0.001269
   15   6      -0.279954      -0.267964      0       0.003496
   16   6       1.256401       1.256401    -99       0.000793
   17   6      -0.014549       0.031078      0       0.009549
   18   1      -0.041622      -0.040980      0       0.000000
   19   1      -0.041578      -0.040980     18       0.000000
   20   1      -0.015239      -0.016561      0       0.000000
   21   1      -0.015228      -0.016561     20       0.000000
   22   1      -0.043084      -0.042349      0       0.000000
   23   1      -0.043034      -0.042349     22       0.000000
   24   1      -0.034125      -0.030747      0       0.000000
   25   1      -0.034092      -0.030747     24       0.000000
   26   1       0.021809       0.018356      0       0.000000
   27   1       0.021778       0.018356     26       0.000000
   28   1      -0.044860      -0.044981      0       0.000000
   29   1      -0.044859      -0.044981     28       0.000000
   30   1      -0.019708      -0.022427      0       0.000000
   31   1      -0.019757      -0.022427     30       0.000000
   32   1      -0.016057      -0.021487      0       0.000000
   33   1      -0.016066      -0.021487     32       0.000000
   34   1      -0.052893      -0.046894      0       0.000000
   35   1      -0.052898      -0.046894     34       0.000000
   36   1      -0.024409      -0.018603      0       0.000000
   37   1      -0.024414      -0.018603     36       0.000000
   38   1      -0.048029      -0.045996      0       0.000000
   39   1      -0.048041      -0.045996     38       0.000000
   40   1       0.160067       0.176477      0       0.000000
   41   1       0.160049       0.176477     40       0.000000
   42   1       0.064937       0.056479      0       0.000000
   43   1       0.056118       0.056479     42       0.000000
   44   1       0.056129       0.056479     42       0.000000
   45   1       0.095274       0.089715      0       0.000000
   46   1       0.116135       0.089715     45       0.000000
   47   1       0.095272       0.089715     45       0.000000

 Sum over the calculated charges:     -0.000

        Statistics of the fitting:
  The initial sum of squares (ssvpot)                      6.333
  The residual sum of squares (chipot)                     0.211
  The std err of estimate (sqrt(chipot/N))               0.00150
  ESP relative RMS (SQRT(chipot/ssvpot))                 0.18267

 Center of Mass (Angst.):

 X  =   0.00000      Y  =   0.00000      Z  =   0.00000

 Dipole (Debye):

 X  =   0.11874      Y  =  -1.74844      Z  =  -0.00016

 Dipole Moment (Debye)=   1.75247

 Quadrupole (Debye*Angst.):

 Qxx =  25.57732     QYY = -25.57800     QZZ =   0.00068
 Qxy = -32.75365     QXZ =  -0.26001     QYZ =  -0.25582
